<?xml version="1.0" encoding="UTF-8"?>
<!-- Generated by org.testng.reporters.JUnitXMLReporter -->
<testsuite hostname="dell" ignored="0" name="Command line test" tests="2" failures="0" timestamp="07 Oct 2018 02:58:44 GMT" time="0.593" errors="0">
  <testcase name="@BeforeTest testInit" time="0.466" classname="testPackage.BaseClass">
    <failure type="java.lang.IllegalArgumentException" message="InputStream cannot be null">
      <![CDATA[java.lang.IllegalArgumentException: InputStream cannot be null
at javax.xml.parsers.DocumentBuilder.parse(Unknown Source)
at com.aventstack.extentreports.configuration.ConfigLoader.getConfigurationHash(ConfigLoader.java:64)
at com.aventstack.extentreports.reporter.AbstractReporter.loadXMLConfig(AbstractReporter.java:64)
at testPackage.BaseClass.testInit(BaseClass.java:32)
... Removed 33 stack frames]]>
    </failure>
  </testcase> <!-- @BeforeTest testInit -->
  <testcase name="@BeforeMethod setUpTest" time="0.0" classname="testPackage.BaseClass">
    <skipped/>
  </testcase> <!-- @BeforeMethod setUpTest -->
  <testcase name="@AfterMethod tearDownTest" time="0.0" classname="testPackage.BaseClass">
    <skipped/>
  </testcase> <!-- @AfterMethod tearDownTest -->
  <testcase name="@BeforeMethod setUpTest" time="0.0" classname="testPackage.BaseClass">
    <skipped/>
  </testcase> <!-- @BeforeMethod setUpTest -->
  <testcase name="@AfterMethod tearDownTest" time="0.0" classname="testPackage.BaseClass">
    <skipped/>
  </testcase> <!-- @AfterMethod tearDownTest -->
  <testcase name="@AfterTest clearUp" time="0.0" classname="testPackage.BaseClass">
    <skipped/>
  </testcase> <!-- @AfterTest clearUp -->
  <testcase name="UserStory1" time="0.0" classname="testPackage.TestClass">
    <skipped/>
  </testcase> <!-- UserStory1 -->
  <testcase name="UserStory2" time="0.0" classname="testPackage.TestClass">
    <skipped/>
  </testcase> <!-- UserStory2 -->
</testsuite> <!-- Command line test -->
